[2018-05-23 07:55:12] (ERROR @ /var/www/forumgroup.ru/modx/core/xpdo/transport/xpdoobjectvehicle.class.php : 227) Could not copy /var/www/forumgroup.ru/modx/core/packages/core/modContext/c79c5146860ac0e805f531706406fd8b/0/ to /var/www/forumgroup.ru/modx/index.php
[2018-05-23 07:55:12] (ERROR @ /var/www/forumgroup.ru/modx/core/xpdo/transport/xpdoobjectvehicle.class.php : 227) Could not copy /var/www/forumgroup.ru/modx/core/packages/core/modContext/c79c5146860ac0e805f531706406fd8b/1/ to /var/www/forumgroup.ru/modx/ht.access
[2018-05-23 07:55:12] (ERROR @ /var/www/forumgroup.ru/modx/core/xpdo/transport/xpdoobjectvehicle.class.php : 227) xPDOVehicle resolver failed: type php (/var/www/forumgroup.ru/modx/core/packages/core/modContext/c79c5146860ac0e805f531706406fd8b.resolve.core.resolver)
[2018-05-23 07:55:12] (ERROR @ /var/www/forumgroup.ru/modx/core/xpdo/transport/xpdoobjectvehicle.class.php : 88) Could not resolve vehicle for object of class modContext; criteria: Array
(
    [key] => web
)

[2018-05-23 07:55:12] (ERROR @ /var/www/forumgroup.ru/modx/core/xpdo/transport/xpdoobjectvehicle.class.php : 227) Could not copy /var/www/forumgroup.ru/modx/core/packages/core/modContext/c22042c8de258646a9712264915a51b0/0/ to /var/www/forumgroup.ru/modx/manager/assets
[2018-05-23 07:55:12] (ERROR @ /var/www/forumgroup.ru/modx/core/xpdo/transport/xpdoobjectvehicle.class.php : 227) Could not copy /var/www/forumgroup.ru/modx/core/packages/core/modContext/c22042c8de258646a9712264915a51b0/1/ to /var/www/forumgroup.ru/modx/manager/controllers
[2018-05-23 07:55:12] (ERROR @ /var/www/forumgroup.ru/modx/core/xpdo/transport/xpdoobjectvehicle.class.php : 227) Could not copy /var/www/forumgroup.ru/modx/core/packages/core/modContext/c22042c8de258646a9712264915a51b0/2/ to /var/www/forumgroup.ru/modx/manager/templates
[2018-05-23 07:55:12] (ERROR @ /var/www/forumgroup.ru/modx/core/xpdo/transport/xpdoobjectvehicle.class.php : 227) Could not copy /var/www/forumgroup.ru/modx/core/packages/core/modContext/c22042c8de258646a9712264915a51b0/3/ to /var/www/forumgroup.ru/modx/manager/min
[2018-05-23 07:55:12] (ERROR @ /var/www/forumgroup.ru/modx/core/xpdo/transport/xpdoobjectvehicle.class.php : 227) Could not copy /var/www/forumgroup.ru/modx/core/packages/core/modContext/c22042c8de258646a9712264915a51b0/4/ to /var/www/forumgroup.ru/modx/manager/ht.access
[2018-05-23 07:55:12] (ERROR @ /var/www/forumgroup.ru/modx/core/xpdo/transport/xpdoobjectvehicle.class.php : 227) Could not copy /var/www/forumgroup.ru/modx/core/packages/core/modContext/c22042c8de258646a9712264915a51b0/5/ to /var/www/forumgroup.ru/modx/manager/index.php
[2018-05-23 07:55:12] (ERROR @ /var/www/forumgroup.ru/modx/core/xpdo/transport/xpdoobjectvehicle.class.php : 227) xPDOVehicle resolver failed: type php (/var/www/forumgroup.ru/modx/core/packages/core/modContext/c22042c8de258646a9712264915a51b0.resolve.core.resolver)
[2018-05-23 07:55:12] (ERROR @ /var/www/forumgroup.ru/modx/core/xpdo/transport/xpdoobjectvehicle.class.php : 88) Could not resolve vehicle for object of class modContext; criteria: Array
(
    [key] => mgr
)

[2018-05-23 07:55:12] (ERROR @ /var/www/forumgroup.ru/modx/core/xpdo/transport/xpdofilevehicle.class.php : 40) Could not install files from /var/www/forumgroup.ru/modx/core/packages/core/xPDOFileVehicle/84c96a4767762f993cdb2895105c37b5/ to /var/www/forumgroup.ru/modx/connectors/
[2018-05-23 07:55:12] (ERROR @ /var/www/forumgroup.ru/modx/core/xpdo/transport/xpdofilevehicle.class.php : 40) Could not install files from /var/www/forumgroup.ru/modx/core/packages/core/xPDOFileVehicle/1aef7200cff5835d23e6f1dc367520d1/ to /var/www/forumgroup.ru/modx/connectors/
[2018-05-23 07:55:12] (ERROR @ /var/www/forumgroup.ru/modx/core/xpdo/transport/xpdofilevehicle.class.php : 40) Could not install files from /var/www/forumgroup.ru/modx/core/packages/core/xPDOFileVehicle/6dbf5ce7c5dda054d815fd4ac10860dd/ to /var/www/forumgroup.ru/modx/connectors/
[2018-05-23 07:55:12] (ERROR @ /var/www/forumgroup.ru/modx/core/xpdo/transport/xpdofilevehicle.class.php : 40) Could not install files from /var/www/forumgroup.ru/modx/core/packages/core/xPDOFileVehicle/9588ed3595149920a8271290a514d32d/ to /var/www/forumgroup.ru/modx/connectors/
[2018-05-23 07:55:12] (ERROR @ /var/www/forumgroup.ru/modx/core/xpdo/transport/xpdofilevehicle.class.php : 105) xPDOVehicle resolver failed: type php (/var/www/forumgroup.ru/modx/core/packages/core/xPDOFileVehicle/9588ed3595149920a8271290a514d32d.resolve.core.resolver)
